<?xml version="1.0" encoding="UTF-8"?>
<!-- Generated by org.testng.reporters.JUnitReportReporter -->
<testsuite hostname="Chriskalys-MBP.local.tld" failures="0" tests="2" name="scripts._01_AppleTest" time="8.879" errors="0" timestamp="2022-05-21T15:14:12 CDT" skipped="0">
  <testcase classname="scripts._01_AppleTest" name="testAppleTitle" time="7.512"/>
  <system-out/>
  <testcase classname="scripts._01_AppleTest" name="testAppleURL" time="1.367"/>
  <system-out/>
</testsuite> <!-- scripts._01_AppleTest -->
