<?xml version="1.0" encoding="UTF-8"?>
<!-- Generated by org.testng.reporters.JUnitReportReporter -->
<testsuite hostname="Chriskalys-MacBook-Pro.local" failures="0" tests="1" name="scripts._02_TechGlobalTest" time="23.746" errors="0" timestamp="2022-06-03T11:58:22 CDT" skipped="0">
  <testcase classname="scripts._02_TechGlobalTest" name="testApplicationFormHeading" time="23.746"/>
  <system-out/>
</testsuite> <!-- scripts._02_TechGlobalTest -->
