<?xml version="1.0" encoding="UTF-8"?>
<!-- Generated by org.testng.reporters.JUnitReportReporter -->
<testsuite hostname="Chriskalys-MBP.local.tld" failures="0" tests="1" name="scripts._01_AppleTest" time="2.804" errors="0" timestamp="2022-05-29T15:42:49 CDT" skipped="0">
  <testcase classname="scripts._01_AppleTest" name="testAppleURL" time="2.804"/>
  <system-out/>
</testsuite> <!-- scripts._01_AppleTest -->
