<?xml version="1.0" encoding="UTF-8"?>
<!-- Generated by org.testng.reporters.JUnitReportReporter -->
<testsuite hostname="Chriskalys-MacBook-Pro.local" failures="0" tests="1" name="scripts._04_GoogleTest" time="26.966" errors="0" timestamp="2022-06-03T11:58:22 CDT" skipped="0">
  <testcase classname="scripts._04_GoogleTest" name="testGoogleSearch" time="26.966"/>
  <system-out/>
</testsuite> <!-- scripts._04_GoogleTest -->
