<?xml version="1.0" encoding="UTF-8"?>
<!-- Generated by org.testng.reporters.JUnitReportReporter -->
<testsuite hostname="Chriskalys-MBP.local.tld" failures="0" tests="1" name="scripts._04_GoogleTest" time="4.276" errors="0" timestamp="2022-06-02T19:57:02 CDT" skipped="0">
  <testcase classname="scripts._04_GoogleTest" name="testGoogleSearch" time="4.276"/>
  <system-out/>
</testsuite> <!-- scripts._04_GoogleTest -->
